<?xml version="1.0" encoding="UTF-8"?>
<!-- Generated by org.testng.reporters.JUnitXMLReporter -->
<testsuite hostname="Aditya" ignored="8" name="Test" tests="7" failures="0" timestamp="2023-02-18T15:17:24 IST" time="70.121" errors="0">
  <testcase name="overviewPageTest2" time="1.485" classname="Test.overviewPageTest"/>
  <testcase name="inventoryTest1" time="1.225" classname="Test.inventoryPageTest"/>
  <testcase name="loginTest1" time="0.306" classname="Test.loginPageTest"/>
  <testcase name="verifyLogoTest" time="0.038" classname="Test.loginPageTest"/>
  <testcase name="yourCartTest1" time="1.078" classname="Test.yourCartPageTest"/>
  <testcase name="yourInfoPageTest1" time="1.336" classname="Test.yourInfoPageTest"/>
  <testcase name="yourCartTest1" time="1.117" classname="Test.yourInfoPageTest"/>
  <testcase name="verifyTitleTest" time="0.0" classname="Test.loginPageTest">
    <ignored/>
  </testcase> <!-- verifyTitleTest -->
  <testcase name="verifyURLTest" time="0.0" classname="Test.loginPageTest">
    <ignored/>
  </testcase> <!-- verifyURLTest -->
  <testcase name="loginTest1" time="0.0" classname="Test.yourInfoPageTest">
    <ignored/>
  </testcase> <!-- loginTest1 -->
  <testcase name="loginTest1" time="0.0" classname="Test.yourCartPageTest">
    <ignored/>
  </testcase> <!-- loginTest1 -->
  <testcase name="inventoryTest1" time="0.0" classname="Test.yourInfoPageTest">
    <ignored/>
  </testcase> <!-- inventoryTest1 -->
  <testcase name="overviewPageTest1" time="0.0" classname="Test.overviewPageTest">
    <ignored/>
  </testcase> <!-- overviewPageTest1 -->
  <testcase name="inventoryTest2" time="0.0" classname="Test.inventoryPageTest">
    <ignored/>
  </testcase> <!-- inventoryTest2 -->
  <testcase name="addInventoryTest" time="0.0" classname="Test.yourCartPageTest">
    <ignored/>
  </testcase> <!-- addInventoryTest -->
</testsuite> <!-- Test -->
