<?xml version="1.0" encoding="UTF-8"?>
<!-- Generated by org.testng.reporters.JUnitXMLReporter -->
<testsuite hostname="Aditya" ignored="1" name="Test1" tests="14" failures="0" timestamp="2023-02-18T15:49:39 IST" time="164.905" errors="0">
  <testcase name="overviewPageTest1" time="1.332" classname="Test.overviewPageTest"/>
  <testcase name="overviewPageTest2" time="1.195" classname="Test.overviewPageTest"/>
  <testcase name="inventoryTest1" time="1.101" classname="Test.inventoryPageTest"/>
  <testcase name="inventoryTest2" time="0.407" classname="Test.inventoryPageTest"/>
  <testcase name="loginTest1" time="0.268" classname="Test.loginPageTest"/>
  <testcase name="verifyLogoTest" time="0.033" classname="Test.loginPageTest"/>
  <testcase name="verifyTitleTest" time="0.029" classname="Test.loginPageTest"/>
  <testcase name="verifyURLTest" time="0.028" classname="Test.loginPageTest"/>
  <testcase name="addInventoryTest" time="0.605" classname="Test.yourCartPageTest"/>
  <testcase name="loginTest1" time="0.231" classname="Test.yourCartPageTest"/>
  <testcase name="yourCartTest1" time="0.992" classname="Test.yourCartPageTest"/>
  <testcase name="inventoryTest1" time="0.607" classname="Test.yourInfoPageTest"/>
  <testcase name="loginTest1" time="0.23" classname="Test.yourInfoPageTest"/>
  <testcase name="yourInfoPageTest1" time="1.066" classname="Test.yourInfoPageTest"/>
  <testcase name="yourCartTest1" time="0.0" classname="Test.yourInfoPageTest">
    <ignored/>
  </testcase> <!-- yourCartTest1 -->
</testsuite> <!-- Test1 -->
