<?xml version="1.0" encoding="UTF-8"?>
<!-- Generated by org.testng.reporters.JUnitXMLReporter -->
<testsuite hostname="Aditya" ignored="4" name="test2" tests="11" failures="0" timestamp="2023-02-18T15:51:27 IST" time="107.443" errors="0">
  <testcase name="overviewPageTest1" time="1.215" classname="Test.overviewPageTest"/>
  <testcase name="inventoryTest2" time="0.403" classname="Test.inventoryPageTest"/>
  <testcase name="loginTest1" time="0.269" classname="Test.loginPageTest"/>
  <testcase name="verifyTitleTest" time="0.023" classname="Test.loginPageTest"/>
  <testcase name="verifyURLTest" time="0.023" classname="Test.loginPageTest"/>
  <testcase name="addInventoryTest" time="0.639" classname="Test.yourCartPageTest"/>
  <testcase name="loginTest1" time="0.239" classname="Test.yourCartPageTest"/>
  <testcase name="yourCartTest1" time="0.899" classname="Test.yourCartPageTest"/>
  <testcase name="inventoryTest1" time="0.622" classname="Test.yourInfoPageTest"/>
  <testcase name="loginTest1" time="0.235" classname="Test.yourInfoPageTest"/>
  <testcase name="yourCartTest1" time="0.967" classname="Test.yourInfoPageTest"/>
  <testcase name="overviewPageTest2" time="0.0" classname="Test.overviewPageTest">
    <ignored/>
  </testcase> <!-- overviewPageTest2 -->
  <testcase name="yourInfoPageTest1" time="0.0" classname="Test.yourInfoPageTest">
    <ignored/>
  </testcase> <!-- yourInfoPageTest1 -->
  <testcase name="inventoryTest1" time="0.0" classname="Test.inventoryPageTest">
    <ignored/>
  </testcase> <!-- inventoryTest1 -->
  <testcase name="verifyLogoTest" time="0.0" classname="Test.loginPageTest">
    <ignored/>
  </testcase> <!-- verifyLogoTest -->
</testsuite> <!-- test2 -->
